#
# A fatal error has been detected by the Java Runtime Environment:
#
#  Internal Error (javaClasses.cpp:136), pid=5524, tid=5316
#  fatal error: Invalid layout of preloaded class
#
# JRE version:  (7.0_55-b13) (build )
# Java VM: Java HotSpot(TM) 64-Bit Server VM (24.55-b03 mixed mode windows-amd64 compressed oops)
# Failed to write core dump. Minidumps are not enabled by default on client versions of Windows
#
# If you would like to submit a bug report, please visit:
#   http://bugreport.sun.com/bugreport/crash.jsp
#

---------------  T H R E A D  ---------------

Current thread (0x000000000021f000):  JavaThread "Unknown thread" [_thread_in_vm, id=5316, stack(0x0000000002390000,0x0000000002490000)]

Stack: [0x0000000002390000,0x0000000002490000]

---------------  P R O C E S S  ---------------

Java Threads: ( => current thread )

Other Threads:

=>0x000000000021f000 (exited) JavaThread "Unknown thread" [_thread_in_vm, id=5316, stack(0x0000000002390000,0x0000000002490000)]

VM state:not at safepoint (not fully initialized)

VM Mutex/Monitor currently owned by a thread: None

GC Heap History (0 events):
No events

Deoptimization events (0 events):
No events

Internal exceptions (0 events):
No events

Events (10 events):
Event: 0.172 loading class 0x0000000001fdd910 done
Event: 0.172 loading class 0x0000000001fdd330 done
Event: 0.172 loading class 0x0000000001fdd310
Event: 0.172 loading class 0x0000000001fe5410
Event: 0.172 loading class 0x0000000001fe5410 done
Event: 0.172 loading class 0x0000000001fe5440
Event: 0.172 loading class 0x0000000001fe5440 done
Event: 0.172 loading class 0x0000000001fe5470
Event: 0.172 loading class 0x0000000001fe5470 done
Event: 0.172 loading class 0x0000000001fdd310 done


Dynamic libraries:
0x000000013f150000 - 0x000000013f183000 	C:\Program Files\Java\jre7\bin\javaw.exe
0x0000000077b90000 - 0x0000000077d39000 	C:\Windows\SYSTEM32\ntdll.dll
0x0000000077a70000 - 0x0000000077b8f000 	C:\Windows\system32\kernel32.dll
0x000007fefd800000 - 0x000007fefd86b000 	C:\Windows\system32\KERNELBASE.dll
0x000007feff130000 - 0x000007feff20b000 	C:\Windows\system32\ADVAPI32.dll
0x000007fefded0000 - 0x000007fefdf6f000 	C:\Windows\system32\msvcrt.dll
0x000007feffe80000 - 0x000007feffe9f000 	C:\Windows\SYSTEM32\sechost.dll
0x000007fefdda0000 - 0x000007fefdecd000 	C:\Windows\system32\RPCRT4.dll
0x0000000077830000 - 0x000000007792a000 	C:\Windows\system32\USER32.dll
0x000007feff7f0000 - 0x000007feff857000 	C:\Windows\system32\GDI32.dll
0x000007feff7e0000 - 0x000007feff7ee000 	C:\Windows\system32\LPK.dll
0x000007feffdb0000 - 0x000007feffe79000 	C:\Windows\system32\USP10.dll
0x000007fefc390000 - 0x000007fefc584000 	C:\Windows\WinSxS\amd64_microsoft.windows.common-controls_6595b64144ccf1df_6.0.7601.17514_none_fa396087175ac9ac\COMCTL32.dll
0x000007fefdcf0000 - 0x000007fefdd61000 	C:\Windows\system32\SHLWAPI.dll
0x000007fefdd70000 - 0x000007fefdd9e000 	C:\Windows\system32\IMM32.DLL
0x000007fefed00000 - 0x000007fefee09000 	C:\Windows\system32\MSCTF.dll
0x000000005dab0000 - 0x000000005db82000 	C:\Program Files\Java\jre7\bin\msvcr100.dll
0x000000005d2e0000 - 0x000000005daa9000 	C:\Program Files\Java\jre7\bin\server\jvm.dll
0x000007fef7b50000 - 0x000007fef7b59000 	C:\Windows\system32\WSOCK32.dll
0x000007feff960000 - 0x000007feff9ad000 	C:\Windows\system32\WS2_32.dll
0x000007fefee10000 - 0x000007fefee18000 	C:\Windows\system32\NSI.dll
0x000007fefd9b0000 - 0x000007fefd9eb000 	C:\Windows\system32\WINMM.dll
0x0000000077d50000 - 0x0000000077d57000 	C:\Windows\system32\PSAPI.DLL
0x000000005dc60000 - 0x000000005dc6f000 	C:\Program Files\Java\jre7\bin\verify.dll
0x000000005dc30000 - 0x000000005dc58000 	C:\Program Files\Java\jre7\bin\java.dll
0x000000005d080000 - 0x000000005d0b5000 	C:\Program Files\Java\jre7\bin\jdwp.dll
0x000000005d070000 - 0x000000005d078000 	C:\Program Files\Java\jre7\bin\npt.dll
0x000000005dc10000 - 0x000000005dc25000 	C:\Program Files\Java\jre7\bin\zip.dll

VM Arguments:
jvm_args: -agentlib:jdwp=transport=dt_socket,suspend=y,address=localhost:49963 -Dfile.encoding=UTF-8 -Xbootclasspath:D:\Software\adt-bundle-windows-x86_64-20140321\sdk\platforms\android-19\android.jar 
java_command: com.hw.util.DateUtils
Launcher Type: SUN_STANDARD

Environment Variables:
JAVA_HOME=C:\Program Files\Java\jdk1.7.0_55
CLASSPATH=C:\Program Files\Java\jdk1.7.0_55\lib;C:\Program Files\Java\jdk1.7.0_55\lib\tools.jar;
PATH=C:\Windows\system32;C:\Windows;C:\Windows\System32\Wbem;C:\Windows\System32\WindowsPowerShell\v1.0\;C:\Program Files\Java\jdk1.7.0_55\bin;C:\Program Files\Java\jdk1.7.0_55\jre\bin;D:\Software\apache-maven-3.1.1\bin;C:\Program Files\MySQL\MySQL Server 5.5\bin;D:\Software\TortoiseSVN1.8.6.25419\bin;D:\Software\gradle-1.12\bin;C:\Program Files (x86)\Oracle\Instant Client\bin;D:\Software\MATLAB\R2010b\runtime\win64;D:\Software\MATLAB\R2010b\bin
USERNAME=Administrator
OS=Windows_NT
PROCESSOR_IDENTIFIER=Intel64 Family 6 Model 58 Stepping 9, GenuineIntel



---------------  S Y S T E M  ---------------

OS: Windows 7 , 64 bit Build 7601 Service Pack 1

CPU:total 4 (4 cores per cpu, 1 threads per core) family 6 model 58 stepping 9, cmov, cx8, fxsr, mmx, sse, sse2, sse3, ssse3, sse4.1, sse4.2, popcnt, avx, aes, erms, tsc, tscinvbit, tscinv

Memory: 4k page, physical 8343272k(4778452k free), swap 16684684k(12264012k free)

vm_info: Java HotSpot(TM) 64-Bit Server VM (24.55-b03) for windows-amd64 JRE (1.7.0_55-b13), built on Mar 17 2014 19:45:30 by "java_re" with unknown MS VC++:1600

time: Wed Aug 13 08:49:48 2014
elapsed time: 0 seconds

